# JRE version: Java(TM) SE Runtime Environment (14.0+36) (build 14+36-1461)
# Java VM: Java HotSpot(TM) 64-Bit Server VM (14+36-1461, mixed mode, sharing, tiered, compressed oops, g1 gc, windows-amd64)
Heap:
 garbage-first heap   total 191488K, used 137030K [0x0000000744e00000, 0x0000000800000000)
  region size 1024K, 80 young (81920K), 9 survivors (9216K)
 Metaspace       used 43006K, capacity 44407K, committed 44692K, reserved 1089536K
  class space    used 4660K, capacity 5193K, committed 5324K, reserved 1048576K
GC Heap History (20 events):
Event: 61.634 GC heap before
{Heap before GC invocations=42 (full 0):
 garbage-first heap   total 372736K, used 310196K [0x0000000744e00000, 0x0000000800000000)
  region size 1024K, 181 young (185344K), 24 survivors (24576K)
 Metaspace       used 33498K, capacity 34445K, committed 34580K, reserved 1079296K
  class space    used 3533K, capacity 3873K, committed 3916K, reserved 1048576K
}
Event: 61.645 GC heap after
{Heap after GC invocations=43 (full 0):
 garbage-first heap   total 372736K, used 136023K [0x0000000744e00000, 0x0000000800000000)
  region size 1024K, 2 young (2048K), 2 survivors (2048K)
 Metaspace       used 33498K, capacity 34445K, committed 34580K, reserved 1079296K
  class space    used 3533K, capacity 3873K, committed 3916K, reserved 1048576K
}
Event: 63.166 GC heap before
{Heap before GC invocations=43 (full 0):
 garbage-first heap   total 372736K, used 311127K [0x0000000744e00000, 0x0000000800000000)
  region size 1024K, 173 young (177152K), 2 survivors (2048K)
 Metaspace       used 33498K, capacity 34445K, committed 34580K, reserved 1079296K
  class space    used 3533K, capacity 3873K, committed 3916K, reserved 1048576K
}
Event: 63.173 GC heap after
{Heap after GC invocations=44 (full 0):
 garbage-first heap   total 372736K, used 139095K [0x0000000744e00000, 0x0000000800000000)
  region size 1024K, 5 young (5120K), 5 survivors (5120K)
 Metaspace       used 33498K, capacity 34445K, committed 34580K, reserved 1079296K
  class space    used 3533K, capacity 3873K, committed 3916K, reserved 1048576K
}
Event: 64.577 GC heap before
{Heap before GC invocations=44 (full 0):
 garbage-first heap   total 372736K, used 315223K [0x0000000744e00000, 0x0000000800000000)
  region size 1024K, 176 young (180224K), 5 survivors (5120K)
 Metaspace       used 33501K, capacity 34445K, committed 34580K, reserved 1079296K
  class space    used 3533K, capacity 3873K, committed 3916K, reserved 1048576K
}
Event: 64.586 GC heap after
{Heap after GC invocations=45 (full 0):
 garbage-first heap   total 372736K, used 143144K [0x0000000744e00000, 0x0000000800000000)
  region size 1024K, 8 young (8192K), 8 survivors (8192K)
 Metaspace       used 33501K, capacity 34445K, committed 34580K, reserved 1079296K
  class space    used 3533K, capacity 3873K, committed 3916K, reserved 1048576K
}
Event: 65.991 GC heap before
{Heap before GC invocations=45 (full 0):
 garbage-first heap   total 372736K, used 316200K [0x0000000744e00000, 0x0000000800000000)
  region size 1024K, 177 young (181248K), 8 survivors (8192K)
 Metaspace       used 33502K, capacity 34445K, committed 34580K, reserved 1079296K
  class space    used 3533K, capacity 3873K, committed 3916K, reserved 1048576K
}
Event: 66.004 GC heap after
{Heap after GC invocations=46 (full 0):
 garbage-first heap   total 372736K, used 146263K [0x0000000744e00000, 0x0000000800000000)
  region size 1024K, 12 young (12288K), 12 survivors (12288K)
 Metaspace       used 33502K, capacity 34445K, committed 34580K, reserved 1079296K
  class space    used 3533K, capacity 3873K, committed 3916K, reserved 1048576K
}
Event: 81.592 GC heap before
{Heap before GC invocations=46 (full 0):
 garbage-first heap   total 372736K, used 318295K [0x0000000744e00000, 0x0000000800000000)
  region size 1024K, 180 young (184320K), 12 survivors (12288K)
 Metaspace       used 33502K, capacity 34445K, committed 34580K, reserved 1079296K
  class space    used 3533K, capacity 3873K, committed 3916K, reserved 1048576K
}
Event: 81.608 GC heap after
{Heap after GC invocations=47 (full 0):
 garbage-first heap   total 372736K, used 149847K [0x0000000744e00000, 0x0000000800000000)
  region size 1024K, 16 young (16384K), 16 survivors (16384K)
 Metaspace       used 33502K, capacity 34445K, committed 34580K, reserved 1079296K
  class space    used 3533K, capacity 3873K, committed 3916K, reserved 1048576K
}
Event: 82.759 GC heap before
{Heap before GC invocations=47 (full 0):
 garbage-first heap   total 372736K, used 300375K [0x0000000744e00000, 0x0000000800000000)
  region size 1024K, 164 young (167936K), 16 survivors (16384K)
 Metaspace       used 33527K, capacity 34445K, committed 34580K, reserved 1079296K
  class space    used 3533K, capacity 3873K, committed 3916K, reserved 1048576K
}
Event: 82.853 GC heap after
{Heap after GC invocations=48 (full 1):
 garbage-first heap   total 194560K, used 55693K [0x0000000744e00000, 0x0000000800000000)
  region size 1024K, 0 young (0K), 0 survivors (0K)
 Metaspace       used 33527K, capacity 34445K, committed 34580K, reserved 1079296K
  class space    used 3533K, capacity 3873K, committed 3916K, reserved 1048576K
}
Event: 82.853 GC heap before
{Heap before GC invocations=48 (full 1):
 garbage-first heap   total 194560K, used 55693K [0x0000000744e00000, 0x0000000800000000)
  region size 1024K, 0 young (0K), 0 survivors (0K)
 Metaspace       used 33527K, capacity 34445K, committed 34580K, reserved 1079296K
  class space    used 3533K, capacity 3873K, committed 3916K, reserved 1048576K
}
Event: 82.925 GC heap after
{Heap after GC invocations=49 (full 2):
 garbage-first heap   total 194560K, used 55693K [0x0000000744e00000, 0x0000000800000000)
  region size 1024K, 0 young (0K), 0 survivors (0K)
 Metaspace       used 33527K, capacity 34445K, committed 34580K, reserved 1079296K
  class space    used 3533K, capacity 3873K, committed 3916K, reserved 1048576K
}
Event: 82.928 GC heap before
{Heap before GC invocations=49 (full 2):
 garbage-first heap   total 194560K, used 55693K [0x0000000744e00000, 0x0000000800000000)
  region size 1024K, 1 young (1024K), 0 survivors (0K)
 Metaspace       used 33527K, capacity 34445K, committed 34580K, reserved 1079296K
  class space    used 3533K, capacity 3873K, committed 3916K, reserved 1048576K
}
Event: 83.004 GC heap after
{Heap after GC invocations=50 (full 3):
 garbage-first heap   total 191488K, used 55621K [0x0000000744e00000, 0x0000000800000000)
  region size 1024K, 0 young (0K), 0 survivors (0K)
 Metaspace       used 33527K, capacity 34445K, committed 34580K, reserved 1079296K
  class space    used 3533K, capacity 3873K, committed 3916K, reserved 1048576K
}
Event: 83.004 GC heap before
{Heap before GC invocations=50 (full 3):
 garbage-first heap   total 191488K, used 55621K [0x0000000744e00000, 0x0000000800000000)
  region size 1024K, 1 young (1024K), 0 survivors (0K)
 Metaspace       used 33527K, capacity 34445K, committed 34580K, reserved 1079296K
  class space    used 3533K, capacity 3873K, committed 3916K, reserved 1048576K
}
Event: 83.075 GC heap after
{Heap after GC invocations=51 (full 4):
 garbage-first heap   total 191488K, used 55622K [0x0000000744e00000, 0x0000000800000000)
  region size 1024K, 0 young (0K), 0 survivors (0K)
 Metaspace       used 33527K, capacity 34445K, committed 34580K, reserved 1079296K
  class space    used 3533K, capacity 3873K, committed 3916K, reserved 1048576K
}
Event: 85.291 GC heap before
{Heap before GC invocations=51 (full 4):
 garbage-first heap   total 191488K, used 162118K [0x0000000744e00000, 0x0000000800000000)
  region size 1024K, 104 young (106496K), 0 survivors (0K)
 Metaspace       used 37870K, capacity 38946K, committed 39060K, reserved 1083392K
  class space    used 4070K, capacity 4519K, committed 4556K, reserved 1048576K
}
Event: 85.298 GC heap after
{Heap after GC invocations=52 (full 4):
 garbage-first heap   total 191488K, used 64326K [0x0000000744e00000, 0x0000000800000000)
  region size 1024K, 9 young (9216K), 9 survivors (9216K)
 Metaspace       used 37870K, capacity 38946K, committed 39060K, reserved 1083392K
  class space    used 4070K, capacity 4519K, committed 4556K, reserved 1048576K
}

