# JRE version: Java(TM) SE Runtime Environment (14.0+36) (build 14+36-1461)
# Java VM: Java HotSpot(TM) 64-Bit Server VM (14+36-1461, mixed mode, sharing, tiered, compressed oops, g1 gc, windows-amd64)
Heap:
 garbage-first heap   total 126976K, used 84279K [0x0000000744e00000, 0x0000000800000000)
  region size 1024K, 43 young (44032K), 1 survivors (1024K)
 Metaspace       used 43064K, capacity 44377K, committed 44416K, reserved 1089536K
  class space    used 4661K, capacity 5225K, committed 5248K, reserved 1048576K
GC Heap History (20 events):
Event: 88.380 GC heap before
{Heap before GC invocations=59 (full 0):
 garbage-first heap   total 257024K, used 217206K [0x0000000744e00000, 0x0000000800000000)
  region size 1024K, 135 young (138240K), 9 survivors (9216K)
 Metaspace       used 33535K, capacity 34447K, committed 34688K, reserved 1079296K
  class space    used 3530K, capacity 3873K, committed 3968K, reserved 1048576K
}
Event: 88.393 GC heap after
{Heap after GC invocations=60 (full 0):
 garbage-first heap   total 257024K, used 90037K [0x0000000744e00000, 0x0000000800000000)
  region size 1024K, 11 young (11264K), 11 survivors (11264K)
 Metaspace       used 33535K, capacity 34447K, committed 34688K, reserved 1079296K
  class space    used 3530K, capacity 3873K, committed 3968K, reserved 1048576K
}
Event: 89.846 GC heap before
{Heap before GC invocations=60 (full 0):
 garbage-first heap   total 257024K, used 219061K [0x0000000744e00000, 0x0000000800000000)
  region size 1024K, 137 young (140288K), 11 survivors (11264K)
 Metaspace       used 33535K, capacity 34447K, committed 34688K, reserved 1079296K
  class space    used 3530K, capacity 3873K, committed 3968K, reserved 1048576K
}
Event: 89.861 GC heap after
{Heap after GC invocations=61 (full 0):
 garbage-first heap   total 257024K, used 93459K [0x0000000744e00000, 0x0000000800000000)
  region size 1024K, 12 young (12288K), 12 survivors (12288K)
 Metaspace       used 33535K, capacity 34447K, committed 34688K, reserved 1079296K
  class space    used 3530K, capacity 3873K, committed 3968K, reserved 1048576K
}
Event: 105.296 GC heap before
{Heap before GC invocations=61 (full 0):
 garbage-first heap   total 257024K, used 217363K [0x0000000744e00000, 0x0000000800000000)
  region size 1024K, 133 young (136192K), 12 survivors (12288K)
 Metaspace       used 33535K, capacity 34447K, committed 34688K, reserved 1079296K
  class space    used 3530K, capacity 3873K, committed 3968K, reserved 1048576K
}
Event: 105.311 GC heap after
{Heap after GC invocations=62 (full 0):
 garbage-first heap   total 257024K, used 95842K [0x0000000744e00000, 0x0000000800000000)
  region size 1024K, 12 young (12288K), 12 survivors (12288K)
 Metaspace       used 33535K, capacity 34447K, committed 34688K, reserved 1079296K
  class space    used 3530K, capacity 3873K, committed 3968K, reserved 1048576K
}
Event: 106.212 GC heap before
{Heap before GC invocations=62 (full 0):
 garbage-first heap   total 257024K, used 211554K [0x0000000744e00000, 0x0000000800000000)
  region size 1024K, 126 young (129024K), 12 survivors (12288K)
 Metaspace       used 33561K, capacity 34511K, committed 34688K, reserved 1079296K
  class space    used 3530K, capacity 3873K, committed 3968K, reserved 1048576K
}
Event: 106.293 GC heap after
{Heap after GC invocations=63 (full 1):
 garbage-first heap   total 130048K, used 37035K [0x0000000744e00000, 0x0000000800000000)
  region size 1024K, 0 young (0K), 0 survivors (0K)
 Metaspace       used 33561K, capacity 34511K, committed 34688K, reserved 1079296K
  class space    used 3530K, capacity 3873K, committed 3968K, reserved 1048576K
}
Event: 106.293 GC heap before
{Heap before GC invocations=63 (full 1):
 garbage-first heap   total 130048K, used 37035K [0x0000000744e00000, 0x0000000800000000)
  region size 1024K, 0 young (0K), 0 survivors (0K)
 Metaspace       used 33561K, capacity 34511K, committed 34688K, reserved 1079296K
  class space    used 3530K, capacity 3873K, committed 3968K, reserved 1048576K
}
Event: 106.362 GC heap after
{Heap after GC invocations=64 (full 2):
 garbage-first heap   total 130048K, used 37035K [0x0000000744e00000, 0x0000000800000000)
  region size 1024K, 0 young (0K), 0 survivors (0K)
 Metaspace       used 33561K, capacity 34511K, committed 34688K, reserved 1079296K
  class space    used 3530K, capacity 3873K, committed 3968K, reserved 1048576K
}
Event: 106.366 GC heap before
{Heap before GC invocations=64 (full 2):
 garbage-first heap   total 130048K, used 37035K [0x0000000744e00000, 0x0000000800000000)
  region size 1024K, 1 young (1024K), 0 survivors (0K)
 Metaspace       used 33561K, capacity 34511K, committed 34688K, reserved 1079296K
  class space    used 3530K, capacity 3873K, committed 3968K, reserved 1048576K
}
Event: 106.434 GC heap after
{Heap after GC invocations=65 (full 3):
 garbage-first heap   total 126976K, used 36950K [0x0000000744e00000, 0x0000000800000000)
  region size 1024K, 0 young (0K), 0 survivors (0K)
 Metaspace       used 33561K, capacity 34511K, committed 34688K, reserved 1079296K
  class space    used 3530K, capacity 3873K, committed 3968K, reserved 1048576K
}
Event: 106.434 GC heap before
{Heap before GC invocations=65 (full 3):
 garbage-first heap   total 126976K, used 36950K [0x0000000744e00000, 0x0000000800000000)
  region size 1024K, 1 young (1024K), 0 survivors (0K)
 Metaspace       used 33561K, capacity 34511K, committed 34688K, reserved 1079296K
  class space    used 3530K, capacity 3873K, committed 3968K, reserved 1048576K
}
Event: 106.518 GC heap after
{Heap after GC invocations=66 (full 4):
 garbage-first heap   total 126976K, used 36950K [0x0000000744e00000, 0x0000000800000000)
  region size 1024K, 0 young (0K), 0 survivors (0K)
 Metaspace       used 33561K, capacity 34511K, committed 34688K, reserved 1079296K
  class space    used 3530K, capacity 3873K, committed 3968K, reserved 1048576K
}
Event: 119.047 GC heap before
{Heap before GC invocations=66 (full 4):
 garbage-first heap   total 126976K, used 106582K [0x0000000744e00000, 0x0000000800000000)
  region size 1024K, 68 young (69632K), 0 survivors (0K)
 Metaspace       used 35500K, capacity 36474K, committed 36608K, reserved 1081344K
  class space    used 3828K, capacity 4251K, committed 4352K, reserved 1048576K
}
Event: 119.054 GC heap after
{Heap after GC invocations=67 (full 4):
 garbage-first heap   total 126976K, used 41558K [0x0000000744e00000, 0x0000000800000000)
  region size 1024K, 5 young (5120K), 5 survivors (5120K)
 Metaspace       used 35500K, capacity 36474K, committed 36608K, reserved 1081344K
  class space    used 3828K, capacity 4251K, committed 4352K, reserved 1048576K
}
Event: 121.376 GC heap before
{Heap before GC invocations=68 (full 4):
 garbage-first heap   total 126976K, used 105046K [0x0000000744e00000, 0x0000000800000000)
  region size 1024K, 67 young (68608K), 5 survivors (5120K)
 Metaspace       used 39636K, capacity 40758K, committed 40832K, reserved 1085440K
  class space    used 4278K, capacity 4717K, committed 4736K, reserved 1048576K
}
Event: 121.392 GC heap after
{Heap after GC invocations=69 (full 4):
 garbage-first heap   total 126976K, used 46351K [0x0000000744e00000, 0x0000000800000000)
  region size 1024K, 9 young (9216K), 9 survivors (9216K)
 Metaspace       used 39636K, capacity 40758K, committed 40832K, reserved 1085440K
  class space    used 4278K, capacity 4717K, committed 4736K, reserved 1048576K
}
Event: 121.946 GC heap before
{Heap before GC invocations=69 (full 4):
 garbage-first heap   total 126976K, used 46351K [0x0000000744e00000, 0x0000000800000000)
  region size 1024K, 10 young (10240K), 9 survivors (9216K)
 Metaspace       used 39858K, capacity 40973K, committed 41088K, reserved 1085440K
  class space    used 4307K, capacity 4726K, committed 4736K, reserved 1048576K
}
Event: 121.972 GC heap after
{Heap after GC invocations=70 (full 4):
 garbage-first heap   total 126976K, used 41271K [0x0000000744e00000, 0x0000000800000000)
  region size 1024K, 1 young (1024K), 1 survivors (1024K)
 Metaspace       used 39858K, capacity 40973K, committed 41088K, reserved 1085440K
  class space    used 4307K, capacity 4726K, committed 4736K, reserved 1048576K
}

