# JRE version: Java(TM) SE Runtime Environment (14.0+36) (build 14+36-1461)
# Java VM: Java HotSpot(TM) 64-Bit Server VM (14+36-1461, mixed mode, sharing, tiered, compressed oops, g1 gc, windows-amd64)
Heap:
 garbage-first heap   total 106496K, used 52976K [0x0000000744e00000, 0x0000000800000000)
  region size 1024K, 10 young (10240K), 3 survivors (3072K)
 Metaspace       used 43040K, capacity 44379K, committed 44692K, reserved 1089536K
  class space    used 4659K, capacity 5225K, committed 5324K, reserved 1048576K
GC Heap History (20 events):
Event: 78.613 GC heap before
{Heap before GC invocations=57 (full 0):
 garbage-first heap   total 292864K, used 112980K [0x0000000744e00000, 0x0000000800000000)
  region size 1024K, 14 young (14336K), 10 survivors (10240K)
 Metaspace       used 33534K, capacity 34514K, committed 34580K, reserved 1079296K
  class space    used 3527K, capacity 3873K, committed 3916K, reserved 1048576K
}
Event: 78.625 GC heap after
{Heap after GC invocations=58 (full 0):
 garbage-first heap   total 292864K, used 82092K [0x0000000744e00000, 0x0000000800000000)
  region size 1024K, 2 young (2048K), 2 survivors (2048K)
 Metaspace       used 33534K, capacity 34514K, committed 34580K, reserved 1079296K
  class space    used 3527K, capacity 3873K, committed 3916K, reserved 1048576K
}
Event: 78.720 GC heap before
{Heap before GC invocations=58 (full 0):
 garbage-first heap   total 292864K, used 93356K [0x0000000744e00000, 0x0000000800000000)
  region size 1024K, 14 young (14336K), 2 survivors (2048K)
 Metaspace       used 33534K, capacity 34514K, committed 34580K, reserved 1079296K
  class space    used 3527K, capacity 3873K, committed 3916K, reserved 1048576K
}
Event: 78.734 GC heap after
{Heap after GC invocations=59 (full 0):
 garbage-first heap   total 292864K, used 60989K [0x0000000744e00000, 0x0000000800000000)
  region size 1024K, 1 young (1024K), 1 survivors (1024K)
 Metaspace       used 33534K, capacity 34514K, committed 34580K, reserved 1079296K
  class space    used 3527K, capacity 3873K, committed 3916K, reserved 1048576K
}
Event: 79.281 GC heap before
{Heap before GC invocations=59 (full 0):
 garbage-first heap   total 292864K, used 138813K [0x0000000744e00000, 0x0000000800000000)
  region size 1024K, 78 young (79872K), 1 survivors (1024K)
 Metaspace       used 33558K, capacity 34514K, committed 34580K, reserved 1079296K
  class space    used 3527K, capacity 3873K, committed 3916K, reserved 1048576K
}
Event: 79.351 GC heap after
{Heap after GC invocations=60 (full 1):
 garbage-first heap   total 109568K, used 30807K [0x0000000744e00000, 0x0000000800000000)
  region size 1024K, 0 young (0K), 0 survivors (0K)
 Metaspace       used 33558K, capacity 34514K, committed 34580K, reserved 1079296K
  class space    used 3527K, capacity 3873K, committed 3916K, reserved 1048576K
}
Event: 79.351 GC heap before
{Heap before GC invocations=60 (full 1):
 garbage-first heap   total 109568K, used 30807K [0x0000000744e00000, 0x0000000800000000)
  region size 1024K, 0 young (0K), 0 survivors (0K)
 Metaspace       used 33558K, capacity 34514K, committed 34580K, reserved 1079296K
  class space    used 3527K, capacity 3873K, committed 3916K, reserved 1048576K
}
Event: 79.410 GC heap after
{Heap after GC invocations=61 (full 2):
 garbage-first heap   total 106496K, used 30807K [0x0000000744e00000, 0x0000000800000000)
  region size 1024K, 0 young (0K), 0 survivors (0K)
 Metaspace       used 33558K, capacity 34514K, committed 34580K, reserved 1079296K
  class space    used 3527K, capacity 3873K, committed 3916K, reserved 1048576K
}
Event: 79.412 GC heap before
{Heap before GC invocations=61 (full 2):
 garbage-first heap   total 106496K, used 30807K [0x0000000744e00000, 0x0000000800000000)
  region size 1024K, 1 young (1024K), 0 survivors (0K)
 Metaspace       used 33558K, capacity 34514K, committed 34580K, reserved 1079296K
  class space    used 3527K, capacity 3873K, committed 3916K, reserved 1048576K
}
Event: 79.479 GC heap after
{Heap after GC invocations=62 (full 3):
 garbage-first heap   total 106496K, used 30807K [0x0000000744e00000, 0x0000000800000000)
  region size 1024K, 0 young (0K), 0 survivors (0K)
 Metaspace       used 33558K, capacity 34514K, committed 34580K, reserved 1079296K
  class space    used 3527K, capacity 3873K, committed 3916K, reserved 1048576K
}
Event: 79.479 GC heap before
{Heap before GC invocations=62 (full 3):
 garbage-first heap   total 106496K, used 30807K [0x0000000744e00000, 0x0000000800000000)
  region size 1024K, 0 young (0K), 0 survivors (0K)
 Metaspace       used 33558K, capacity 34514K, committed 34580K, reserved 1079296K
  class space    used 3527K, capacity 3873K, committed 3916K, reserved 1048576K
}
Event: 79.561 GC heap after
{Heap after GC invocations=63 (full 4):
 garbage-first heap   total 106496K, used 30807K [0x0000000744e00000, 0x0000000800000000)
  region size 1024K, 0 young (0K), 0 survivors (0K)
 Metaspace       used 33558K, capacity 34514K, committed 34580K, reserved 1079296K
  class space    used 3527K, capacity 3873K, committed 3916K, reserved 1048576K
}
Event: 80.806 GC heap before
{Heap before GC invocations=63 (full 4):
 garbage-first heap   total 106496K, used 89175K [0x0000000744e00000, 0x0000000800000000)
  region size 1024K, 57 young (58368K), 0 survivors (0K)
 Metaspace       used 34054K, capacity 35012K, committed 35220K, reserved 1081344K
  class space    used 3584K, capacity 3955K, committed 4044K, reserved 1048576K
}
Event: 80.812 GC heap after
{Heap after GC invocations=64 (full 4):
 garbage-first heap   total 106496K, used 34374K [0x0000000744e00000, 0x0000000800000000)
  region size 1024K, 4 young (4096K), 4 survivors (4096K)
 Metaspace       used 34054K, capacity 35012K, committed 35220K, reserved 1081344K
  class space    used 3584K, capacity 3955K, committed 4044K, reserved 1048576K
}
Event: 81.536 GC heap before
{Heap before GC invocations=64 (full 4):
 garbage-first heap   total 106496K, used 87622K [0x0000000744e00000, 0x0000000800000000)
  region size 1024K, 56 young (57344K), 4 survivors (4096K)
 Metaspace       used 37939K, capacity 39078K, committed 39316K, reserved 1083392K
  class space    used 4074K, capacity 4519K, committed 4556K, reserved 1048576K
}
Event: 81.549 GC heap after
{Heap after GC invocations=65 (full 4):
 garbage-first heap   total 106496K, used 38634K [0x0000000744e00000, 0x0000000800000000)
  region size 1024K, 7 young (7168K), 7 survivors (7168K)
 Metaspace       used 37939K, capacity 39078K, committed 39316K, reserved 1083392K
  class space    used 4074K, capacity 4519K, committed 4556K, reserved 1048576K
}
Event: 84.417 GC heap before
{Heap before GC invocations=65 (full 4):
 garbage-first heap   total 106496K, used 85738K [0x0000000744e00000, 0x0000000800000000)
  region size 1024K, 53 young (54272K), 7 survivors (7168K)
 Metaspace       used 41734K, capacity 42923K, committed 43156K, reserved 1087488K
  class space    used 4486K, capacity 4991K, committed 5068K, reserved 1048576K
}
Event: 84.436 GC heap after
{Heap after GC invocations=66 (full 4):
 garbage-first heap   total 106496K, used 43090K [0x0000000744e00000, 0x0000000800000000)
  region size 1024K, 5 young (5120K), 5 survivors (5120K)
 Metaspace       used 41734K, capacity 42923K, committed 43156K, reserved 1087488K
  class space    used 4486K, capacity 4991K, committed 5068K, reserved 1048576K
}
Event: 84.626 GC heap before
{Heap before GC invocations=67 (full 4):
 garbage-first heap   total 106496K, used 51282K [0x0000000744e00000, 0x0000000800000000)
  region size 1024K, 15 young (15360K), 5 survivors (5120K)
 Metaspace       used 41960K, capacity 43287K, committed 43412K, reserved 1087488K
  class space    used 4519K, capacity 5031K, committed 5068K, reserved 1048576K
}
Event: 84.632 GC heap after
{Heap after GC invocations=68 (full 4):
 garbage-first heap   total 106496K, used 45808K [0x0000000744e00000, 0x0000000800000000)
  region size 1024K, 3 young (3072K), 3 survivors (3072K)
 Metaspace       used 41960K, capacity 43287K, committed 43412K, reserved 1087488K
  class space    used 4519K, capacity 5031K, committed 5068K, reserved 1048576K
}

